<?xml version="1.0" encoding="UTF-8"?>
<testsuite xmlns:xsi="http://www.w3.org/2001/XMLSchema-instance" xsi:noNamespaceSchemaLocation="https://maven.apache.org/surefire/maven-surefire-plugin/xsd/surefire-test-report.xsd" name="TestSuite" time="41.018" tests="2" errors="0" skipped="0" failures="0">
  <properties>
[...]
</properties>
  <testcase name="flightTest" classname="org.rahulshettyacademy.DemoTest" time="10.574"/>
  <testcase name="flightTest" classname="org.rahulshettyacademy.DemoTest" time="5.5"/>
</testsuite>