<?xml version="1.0" encoding="UTF-8"?>
<testng-results skipped="0" failed="0" ignored="0" total="2" passed="2">
  <reporter-output>
  </reporter-output>
  <suite name="Surefire suite" duration-ms="35279" started-at="2021-02-09T16:49:20 GMT" finished-at="2021-02-09T16:49:56 GMT">
    <groups>
    </groups>
    <test name="Surefire test" duration-ms="35279" started-at="2021-02-09T16:49:20 GMT" finished-at="2021-02-09T16:49:56 GMT">
      <class name="org.rahulshettyacademy.DemoTest">
        <test-method status="PASS" signature="setUp()[pri:0, instance:org.rahulshettyacademy.DemoTest@30b8a058]" name="setUp" is-config="true" duration-ms="14929" started-at="2021-02-09T16:49:20 GMT" finished-at="2021-02-09T16:49:35 GMT">
          <reporter-output>
          </reporter-output>
        </test-method> <!-- setUp -->
        <test-method status="PASS" signature="flightTest(java.util.HashMap)[pri:0, instance:org.rahulshettyacademy.DemoTest@30b8a058]" name="flightTest" duration-ms="10565" started-at="2021-02-09T16:49:36 GMT" data-provider="getData" finished-at="2021-02-09T16:49:47 GMT">
          <params>
            <param index="0">
              <value>
                <![CDATA[{destination=HYD, destination2=DEL, origin=MAA}]]>
              </value>
            </param>
          </params>
          <reporter-output>
          </reporter-output>
        </test-method> <!-- flightTest -->
        <test-method status="PASS" signature="flightTest(java.util.HashMap)[pri:0, instance:org.rahulshettyacademy.DemoTest@30b8a058]" name="flightTest" duration-ms="5513" started-at="2021-02-09T16:49:47 GMT" data-provider="getData" finished-at="2021-02-09T16:49:52 GMT">
          <params>
            <param index="0">
              <value>
                <![CDATA[{destination=HYD, destination2=MAA, origin=DEL}]]>
              </value>
            </param>
          </params>
          <reporter-output>
          </reporter-output>
        </test-method> <!-- flightTest -->
        <test-method status="PASS" signature="tearDown()[pri:0, instance:org.rahulshettyacademy.DemoTest@30b8a058]" name="tearDown" is-config="true" duration-ms="3084" started-at="2021-02-09T16:49:53 GMT" finished-at="2021-02-09T16:49:56 GMT">
          <reporter-output>
          </reporter-output>
        </test-method> <!-- tearDown -->
      </class> <!-- org.rahulshettyacademy.DemoTest -->
    </test> <!-- Surefire test -->
  </suite> <!-- Surefire suite -->
</testng-results>
